{"numFailedTestSuites":2,"numFailedTests":7,"numPassedTestSuites":0,"numPassedTests":0,"numPendingTestSuites":0,"numPendingTests":0,"numRuntimeErrorTestSuites":0,"numTodoTests":0,"numTotalTestSuites":2,"numTotalTests":7,"openHandles":[],"snapshot":{"added":0,"didUpdate":false,"failure":false,"filesAdded":0,"filesRemoved":0,"filesRemovedList":[],"filesUnmatched":0,"filesUpdated":0,"matched":0,"total":0,"unchecked":0,"uncheckedKeysByFile":[],"unmatched":0,"updated":0},"startTime":1724264011653,"success":false,"testResults":[{"assertionResults":[{"ancestorTitles":["ContentResult Page"],"duration":54,"failureDetails":[{}],"failureMessages":["Error: Element type is invalid: expected a string (for built-in components) or a class/function (for composite components) but got: undefined. You likely forgot to export your component from the file it's defined in, or you might have mixed up default and named imports.\n    at createFiberFromTypeAndProps (C:\\Code\\short-video-content-creator\\frontend\\node_modules\\react-dom\\cjs\\react-dom.development.js:28478:17)\n    at createFiberFromElement (C:\\Code\\short-video-content-creator\\frontend\\node_modules\\react-dom\\cjs\\react-dom.development.js:28504:15)\n    at reconcileSingleElement (C:\\Code\\short-video-content-creator\\frontend\\node_modules\\react-dom\\cjs\\react-dom.development.js:13986:23)\n    at reconcileChildFibers (C:\\Code\\short-video-content-creator\\frontend\\node_modules\\react-dom\\cjs\\react-dom.development.js:14044:35)\n    at reconcileChildren (C:\\Code\\short-video-content-creator\\frontend\\node_modules\\react-dom\\cjs\\react-dom.development.js:19193:28)\n    at updateHostRoot (C:\\Code\\short-video-content-creator\\frontend\\node_modules\\react-dom\\cjs\\react-dom.development.js:19912:5)\n    at beginWork (C:\\Code\\short-video-content-creator\\frontend\\node_modules\\react-dom\\cjs\\react-dom.development.js:21654:14)\n    at beginWork$1 (C:\\Code\\short-video-content-creator\\frontend\\node_modules\\react-dom\\cjs\\react-dom.development.js:27465:14)\n    at performUnitOfWork (C:\\Code\\short-video-content-creator\\frontend\\node_modules\\react-dom\\cjs\\react-dom.development.js:26599:12)\n    at workLoopSync (C:\\Code\\short-video-content-creator\\frontend\\node_modules\\react-dom\\cjs\\react-dom.development.js:26505:5)\n    at renderRootSync (C:\\Code\\short-video-content-creator\\frontend\\node_modules\\react-dom\\cjs\\react-dom.development.js:26473:7)\n    at performConcurrentWorkOnRoot (C:\\Code\\short-video-content-creator\\frontend\\node_modules\\react-dom\\cjs\\react-dom.development.js:25777:74)\n    at flushActQueue (C:\\Code\\short-video-content-creator\\frontend\\node_modules\\react\\cjs\\react.development.js:2667:24)\n    at act (C:\\Code\\short-video-content-creator\\frontend\\node_modules\\react\\cjs\\react.development.js:2582:11)\n    at C:\\Code\\short-video-content-creator\\frontend\\node_modules\\@testing-library\\react\\dist\\act-compat.js:47:25\n    at renderRoot (C:\\Code\\short-video-content-creator\\frontend\\node_modules\\@testing-library\\react\\dist\\pure.js:180:26)\n    at render (C:\\Code\\short-video-content-creator\\frontend\\node_modules\\@testing-library\\react\\dist\\pure.js:271:10)\n    at Object.<anonymous> (C:\\Code\\short-video-content-creator\\frontend\\pages\\content-result.js:39:11)\n    at Promise.then.completed (C:\\Code\\short-video-content-creator\\frontend\\node_modules\\jest-circus\\build\\utils.js:298:28)\n    at new Promise (<anonymous>)\n    at callAsyncCircusFn (C:\\Code\\short-video-content-creator\\frontend\\node_modules\\jest-circus\\build\\utils.js:231:10)\n    at _callCircusTest (C:\\Code\\short-video-content-creator\\frontend\\node_modules\\jest-circus\\build\\run.js:316:40)\n    at processTicksAndRejections (node:internal/process/task_queues:95:5)\n    at _runTest (C:\\Code\\short-video-content-creator\\frontend\\node_modules\\jest-circus\\build\\run.js:252:3)\n    at _runTestsForDescribeBlock (C:\\Code\\short-video-content-creator\\frontend\\node_modules\\jest-circus\\build\\run.js:126:9)\n    at _runTestsForDescribeBlock (C:\\Code\\short-video-content-creator\\frontend\\node_modules\\jest-circus\\build\\run.js:121:9)\n    at run (C:\\Code\\short-video-content-creator\\frontend\\node_modules\\jest-circus\\build\\run.js:71:3)\n    at runAndTransformResultsToJestFormat (C:\\Code\\short-video-content-creator\\frontend\\node_modules\\jest-circus\\build\\legacy-code-todo-rewrite\\jestAdapterInit.js:122:21)\n    at jestAdapter (C:\\Code\\short-video-content-creator\\frontend\\node_modules\\jest-circus\\build\\legacy-code-todo-rewrite\\jestAdapter.js:79:19)\n    at runTestInternal (C:\\Code\\short-video-content-creator\\frontend\\node_modules\\jest-runner\\build\\runTest.js:367:16)\n    at runTest (C:\\Code\\short-video-content-creator\\frontend\\node_modules\\jest-runner\\build\\runTest.js:444:34)\n    at Object.worker (C:\\Code\\short-video-content-creator\\frontend\\node_modules\\jest-runner\\build\\testWorker.js:106:12)"],"fullName":"ContentResult Page fetches and displays content","invocations":1,"location":null,"numPassingAsserts":0,"retryReasons":[],"status":"failed","title":"fetches and displays content"},{"ancestorTitles":["ContentResult Page"],"duration":5,"failureDetails":[{}],"failureMessages":["Error: Element type is invalid: expected a string (for built-in components) or a class/function (for composite components) but got: undefined. You likely forgot to export your component from the file it's defined in, or you might have mixed up default and named imports.\n    at createFiberFromTypeAndProps (C:\\Code\\short-video-content-creator\\frontend\\node_modules\\react-dom\\cjs\\react-dom.development.js:28478:17)\n    at createFiberFromElement (C:\\Code\\short-video-content-creator\\frontend\\node_modules\\react-dom\\cjs\\react-dom.development.js:28504:15)\n    at reconcileSingleElement (C:\\Code\\short-video-content-creator\\frontend\\node_modules\\react-dom\\cjs\\react-dom.development.js:13986:23)\n    at reconcileChildFibers (C:\\Code\\short-video-content-creator\\frontend\\node_modules\\react-dom\\cjs\\react-dom.development.js:14044:35)\n    at reconcileChildren (C:\\Code\\short-video-content-creator\\frontend\\node_modules\\react-dom\\cjs\\react-dom.development.js:19193:28)\n    at updateHostRoot (C:\\Code\\short-video-content-creator\\frontend\\node_modules\\react-dom\\cjs\\react-dom.development.js:19912:5)\n    at beginWork (C:\\Code\\short-video-content-creator\\frontend\\node_modules\\react-dom\\cjs\\react-dom.development.js:21654:14)\n    at beginWork$1 (C:\\Code\\short-video-content-creator\\frontend\\node_modules\\react-dom\\cjs\\react-dom.development.js:27465:14)\n    at performUnitOfWork (C:\\Code\\short-video-content-creator\\frontend\\node_modules\\react-dom\\cjs\\react-dom.development.js:26599:12)\n    at workLoopSync (C:\\Code\\short-video-content-creator\\frontend\\node_modules\\react-dom\\cjs\\react-dom.development.js:26505:5)\n    at renderRootSync (C:\\Code\\short-video-content-creator\\frontend\\node_modules\\react-dom\\cjs\\react-dom.development.js:26473:7)\n    at performConcurrentWorkOnRoot (C:\\Code\\short-video-content-creator\\frontend\\node_modules\\react-dom\\cjs\\react-dom.development.js:25777:74)\n    at flushActQueue (C:\\Code\\short-video-content-creator\\frontend\\node_modules\\react\\cjs\\react.development.js:2667:24)\n    at act (C:\\Code\\short-video-content-creator\\frontend\\node_modules\\react\\cjs\\react.development.js:2582:11)\n    at C:\\Code\\short-video-content-creator\\frontend\\node_modules\\@testing-library\\react\\dist\\act-compat.js:47:25\n    at renderRoot (C:\\Code\\short-video-content-creator\\frontend\\node_modules\\@testing-library\\react\\dist\\pure.js:180:26)\n    at render (C:\\Code\\short-video-content-creator\\frontend\\node_modules\\@testing-library\\react\\dist\\pure.js:271:10)\n    at Object.<anonymous> (C:\\Code\\short-video-content-creator\\frontend\\pages\\content-result.js:53:11)\n    at Promise.then.completed (C:\\Code\\short-video-content-creator\\frontend\\node_modules\\jest-circus\\build\\utils.js:298:28)\n    at new Promise (<anonymous>)\n    at callAsyncCircusFn (C:\\Code\\short-video-content-creator\\frontend\\node_modules\\jest-circus\\build\\utils.js:231:10)\n    at _callCircusTest (C:\\Code\\short-video-content-creator\\frontend\\node_modules\\jest-circus\\build\\run.js:316:40)\n    at processTicksAndRejections (node:internal/process/task_queues:95:5)\n    at _runTest (C:\\Code\\short-video-content-creator\\frontend\\node_modules\\jest-circus\\build\\run.js:252:3)\n    at _runTestsForDescribeBlock (C:\\Code\\short-video-content-creator\\frontend\\node_modules\\jest-circus\\build\\run.js:126:9)\n    at _runTestsForDescribeBlock (C:\\Code\\short-video-content-creator\\frontend\\node_modules\\jest-circus\\build\\run.js:121:9)\n    at run (C:\\Code\\short-video-content-creator\\frontend\\node_modules\\jest-circus\\build\\run.js:71:3)\n    at runAndTransformResultsToJestFormat (C:\\Code\\short-video-content-creator\\frontend\\node_modules\\jest-circus\\build\\legacy-code-todo-rewrite\\jestAdapterInit.js:122:21)\n    at jestAdapter (C:\\Code\\short-video-content-creator\\frontend\\node_modules\\jest-circus\\build\\legacy-code-todo-rewrite\\jestAdapter.js:79:19)\n    at runTestInternal (C:\\Code\\short-video-content-creator\\frontend\\node_modules\\jest-runner\\build\\runTest.js:367:16)\n    at runTest (C:\\Code\\short-video-content-creator\\frontend\\node_modules\\jest-runner\\build\\runTest.js:444:34)\n    at Object.worker (C:\\Code\\short-video-content-creator\\frontend\\node_modules\\jest-runner\\build\\testWorker.js:106:12)"],"fullName":"ContentResult Page handles fetch error","invocations":1,"location":null,"numPassingAsserts":0,"retryReasons":[],"status":"failed","title":"handles fetch error"},{"ancestorTitles":["ContentResult"],"duration":7,"failureDetails":[{}],"failureMessages":["Error: Element type is invalid: expected a string (for built-in components) or a class/function (for composite components) but got: undefined. You likely forgot to export your component from the file it's defined in, or you might have mixed up default and named imports.\n    at createFiberFromTypeAndProps (C:\\Code\\short-video-content-creator\\frontend\\node_modules\\react-dom\\cjs\\react-dom.development.js:28478:17)\n    at createFiberFromElement (C:\\Code\\short-video-content-creator\\frontend\\node_modules\\react-dom\\cjs\\react-dom.development.js:28504:15)\n    at reconcileSingleElement (C:\\Code\\short-video-content-creator\\frontend\\node_modules\\react-dom\\cjs\\react-dom.development.js:13986:23)\n    at reconcileChildFibers (C:\\Code\\short-video-content-creator\\frontend\\node_modules\\react-dom\\cjs\\react-dom.development.js:14044:35)\n    at reconcileChildren (C:\\Code\\short-video-content-creator\\frontend\\node_modules\\react-dom\\cjs\\react-dom.development.js:19193:28)\n    at updateHostRoot (C:\\Code\\short-video-content-creator\\frontend\\node_modules\\react-dom\\cjs\\react-dom.development.js:19912:5)\n    at beginWork (C:\\Code\\short-video-content-creator\\frontend\\node_modules\\react-dom\\cjs\\react-dom.development.js:21654:14)\n    at beginWork$1 (C:\\Code\\short-video-content-creator\\frontend\\node_modules\\react-dom\\cjs\\react-dom.development.js:27465:14)\n    at performUnitOfWork (C:\\Code\\short-video-content-creator\\frontend\\node_modules\\react-dom\\cjs\\react-dom.development.js:26599:12)\n    at workLoopSync (C:\\Code\\short-video-content-creator\\frontend\\node_modules\\react-dom\\cjs\\react-dom.development.js:26505:5)\n    at renderRootSync (C:\\Code\\short-video-content-creator\\frontend\\node_modules\\react-dom\\cjs\\react-dom.development.js:26473:7)\n    at performConcurrentWorkOnRoot (C:\\Code\\short-video-content-creator\\frontend\\node_modules\\react-dom\\cjs\\react-dom.development.js:25777:74)\n    at flushActQueue (C:\\Code\\short-video-content-creator\\frontend\\node_modules\\react\\cjs\\react.development.js:2667:24)\n    at act (C:\\Code\\short-video-content-creator\\frontend\\node_modules\\react\\cjs\\react.development.js:2582:11)\n    at C:\\Code\\short-video-content-creator\\frontend\\node_modules\\@testing-library\\react\\dist\\act-compat.js:47:25\n    at renderRoot (C:\\Code\\short-video-content-creator\\frontend\\node_modules\\@testing-library\\react\\dist\\pure.js:180:26)\n    at render (C:\\Code\\short-video-content-creator\\frontend\\node_modules\\@testing-library\\react\\dist\\pure.js:271:10)\n    at Object.<anonymous> (C:\\Code\\short-video-content-creator\\frontend\\__tests__\\ContentResult.test.js:27:11)\n    at Promise.then.completed (C:\\Code\\short-video-content-creator\\frontend\\node_modules\\jest-circus\\build\\utils.js:298:28)\n    at new Promise (<anonymous>)\n    at callAsyncCircusFn (C:\\Code\\short-video-content-creator\\frontend\\node_modules\\jest-circus\\build\\utils.js:231:10)\n    at _callCircusTest (C:\\Code\\short-video-content-creator\\frontend\\node_modules\\jest-circus\\build\\run.js:316:40)\n    at processTicksAndRejections (node:internal/process/task_queues:95:5)\n    at _runTest (C:\\Code\\short-video-content-creator\\frontend\\node_modules\\jest-circus\\build\\run.js:252:3)\n    at _runTestsForDescribeBlock (C:\\Code\\short-video-content-creator\\frontend\\node_modules\\jest-circus\\build\\run.js:126:9)\n    at _runTestsForDescribeBlock (C:\\Code\\short-video-content-creator\\frontend\\node_modules\\jest-circus\\build\\run.js:121:9)\n    at run (C:\\Code\\short-video-content-creator\\frontend\\node_modules\\jest-circus\\build\\run.js:71:3)\n    at runAndTransformResultsToJestFormat (C:\\Code\\short-video-content-creator\\frontend\\node_modules\\jest-circus\\build\\legacy-code-todo-rewrite\\jestAdapterInit.js:122:21)\n    at jestAdapter (C:\\Code\\short-video-content-creator\\frontend\\node_modules\\jest-circus\\build\\legacy-code-todo-rewrite\\jestAdapter.js:79:19)\n    at runTestInternal (C:\\Code\\short-video-content-creator\\frontend\\node_modules\\jest-runner\\build\\runTest.js:367:16)\n    at runTest (C:\\Code\\short-video-content-creator\\frontend\\node_modules\\jest-runner\\build\\runTest.js:444:34)\n    at Object.worker (C:\\Code\\short-video-content-creator\\frontend\\node_modules\\jest-runner\\build\\testWorker.js:106:12)"],"fullName":"ContentResult displays loading state initially","invocations":1,"location":null,"numPassingAsserts":0,"retryReasons":[],"status":"failed","title":"displays loading state initially"},{"ancestorTitles":["ContentResult"],"duration":4,"failureDetails":[{}],"failureMessages":["Error: Element type is invalid: expected a string (for built-in components) or a class/function (for composite components) but got: undefined. You likely forgot to export your component from the file it's defined in, or you might have mixed up default and named imports.\n    at createFiberFromTypeAndProps (C:\\Code\\short-video-content-creator\\frontend\\node_modules\\react-dom\\cjs\\react-dom.development.js:28478:17)\n    at createFiberFromElement (C:\\Code\\short-video-content-creator\\frontend\\node_modules\\react-dom\\cjs\\react-dom.development.js:28504:15)\n    at reconcileSingleElement (C:\\Code\\short-video-content-creator\\frontend\\node_modules\\react-dom\\cjs\\react-dom.development.js:13986:23)\n    at reconcileChildFibers (C:\\Code\\short-video-content-creator\\frontend\\node_modules\\react-dom\\cjs\\react-dom.development.js:14044:35)\n    at reconcileChildren (C:\\Code\\short-video-content-creator\\frontend\\node_modules\\react-dom\\cjs\\react-dom.development.js:19193:28)\n    at updateHostRoot (C:\\Code\\short-video-content-creator\\frontend\\node_modules\\react-dom\\cjs\\react-dom.development.js:19912:5)\n    at beginWork (C:\\Code\\short-video-content-creator\\frontend\\node_modules\\react-dom\\cjs\\react-dom.development.js:21654:14)\n    at beginWork$1 (C:\\Code\\short-video-content-creator\\frontend\\node_modules\\react-dom\\cjs\\react-dom.development.js:27465:14)\n    at performUnitOfWork (C:\\Code\\short-video-content-creator\\frontend\\node_modules\\react-dom\\cjs\\react-dom.development.js:26599:12)\n    at workLoopSync (C:\\Code\\short-video-content-creator\\frontend\\node_modules\\react-dom\\cjs\\react-dom.development.js:26505:5)\n    at renderRootSync (C:\\Code\\short-video-content-creator\\frontend\\node_modules\\react-dom\\cjs\\react-dom.development.js:26473:7)\n    at performConcurrentWorkOnRoot (C:\\Code\\short-video-content-creator\\frontend\\node_modules\\react-dom\\cjs\\react-dom.development.js:25777:74)\n    at flushActQueue (C:\\Code\\short-video-content-creator\\frontend\\node_modules\\react\\cjs\\react.development.js:2667:24)\n    at act (C:\\Code\\short-video-content-creator\\frontend\\node_modules\\react\\cjs\\react.development.js:2582:11)\n    at C:\\Code\\short-video-content-creator\\frontend\\node_modules\\@testing-library\\react\\dist\\act-compat.js:47:25\n    at renderRoot (C:\\Code\\short-video-content-creator\\frontend\\node_modules\\@testing-library\\react\\dist\\pure.js:180:26)\n    at render (C:\\Code\\short-video-content-creator\\frontend\\node_modules\\@testing-library\\react\\dist\\pure.js:271:10)\n    at Object.<anonymous> (C:\\Code\\short-video-content-creator\\frontend\\__tests__\\ContentResult.test.js:57:11)\n    at Promise.then.completed (C:\\Code\\short-video-content-creator\\frontend\\node_modules\\jest-circus\\build\\utils.js:298:28)\n    at new Promise (<anonymous>)\n    at callAsyncCircusFn (C:\\Code\\short-video-content-creator\\frontend\\node_modules\\jest-circus\\build\\utils.js:231:10)\n    at _callCircusTest (C:\\Code\\short-video-content-creator\\frontend\\node_modules\\jest-circus\\build\\run.js:316:40)\n    at processTicksAndRejections (node:internal/process/task_queues:95:5)\n    at _runTest (C:\\Code\\short-video-content-creator\\frontend\\node_modules\\jest-circus\\build\\run.js:252:3)\n    at _runTestsForDescribeBlock (C:\\Code\\short-video-content-creator\\frontend\\node_modules\\jest-circus\\build\\run.js:126:9)\n    at _runTestsForDescribeBlock (C:\\Code\\short-video-content-creator\\frontend\\node_modules\\jest-circus\\build\\run.js:121:9)\n    at run (C:\\Code\\short-video-content-creator\\frontend\\node_modules\\jest-circus\\build\\run.js:71:3)\n    at runAndTransformResultsToJestFormat (C:\\Code\\short-video-content-creator\\frontend\\node_modules\\jest-circus\\build\\legacy-code-todo-rewrite\\jestAdapterInit.js:122:21)\n    at jestAdapter (C:\\Code\\short-video-content-creator\\frontend\\node_modules\\jest-circus\\build\\legacy-code-todo-rewrite\\jestAdapter.js:79:19)\n    at runTestInternal (C:\\Code\\short-video-content-creator\\frontend\\node_modules\\jest-runner\\build\\runTest.js:367:16)\n    at runTest (C:\\Code\\short-video-content-creator\\frontend\\node_modules\\jest-runner\\build\\runTest.js:444:34)\n    at Object.worker (C:\\Code\\short-video-content-creator\\frontend\\node_modules\\jest-runner\\build\\testWorker.js:106:12)"],"fullName":"ContentResult displays content when loaded","invocations":1,"location":null,"numPassingAsserts":0,"retryReasons":[],"status":"failed","title":"displays content when loaded"},{"ancestorTitles":["ContentResult"],"duration":5,"failureDetails":[{}],"failureMessages":["Error: Element type is invalid: expected a string (for built-in components) or a class/function (for composite components) but got: undefined. You likely forgot to export your component from the file it's defined in, or you might have mixed up default and named imports.\n    at createFiberFromTypeAndProps (C:\\Code\\short-video-content-creator\\frontend\\node_modules\\react-dom\\cjs\\react-dom.development.js:28478:17)\n    at createFiberFromElement (C:\\Code\\short-video-content-creator\\frontend\\node_modules\\react-dom\\cjs\\react-dom.development.js:28504:15)\n    at reconcileSingleElement (C:\\Code\\short-video-content-creator\\frontend\\node_modules\\react-dom\\cjs\\react-dom.development.js:13986:23)\n    at reconcileChildFibers (C:\\Code\\short-video-content-creator\\frontend\\node_modules\\react-dom\\cjs\\react-dom.development.js:14044:35)\n    at reconcileChildren (C:\\Code\\short-video-content-creator\\frontend\\node_modules\\react-dom\\cjs\\react-dom.development.js:19193:28)\n    at updateHostRoot (C:\\Code\\short-video-content-creator\\frontend\\node_modules\\react-dom\\cjs\\react-dom.development.js:19912:5)\n    at beginWork (C:\\Code\\short-video-content-creator\\frontend\\node_modules\\react-dom\\cjs\\react-dom.development.js:21654:14)\n    at beginWork$1 (C:\\Code\\short-video-content-creator\\frontend\\node_modules\\react-dom\\cjs\\react-dom.development.js:27465:14)\n    at performUnitOfWork (C:\\Code\\short-video-content-creator\\frontend\\node_modules\\react-dom\\cjs\\react-dom.development.js:26599:12)\n    at workLoopSync (C:\\Code\\short-video-content-creator\\frontend\\node_modules\\react-dom\\cjs\\react-dom.development.js:26505:5)\n    at renderRootSync (C:\\Code\\short-video-content-creator\\frontend\\node_modules\\react-dom\\cjs\\react-dom.development.js:26473:7)\n    at performConcurrentWorkOnRoot (C:\\Code\\short-video-content-creator\\frontend\\node_modules\\react-dom\\cjs\\react-dom.development.js:25777:74)\n    at flushActQueue (C:\\Code\\short-video-content-creator\\frontend\\node_modules\\react\\cjs\\react.development.js:2667:24)\n    at act (C:\\Code\\short-video-content-creator\\frontend\\node_modules\\react\\cjs\\react.development.js:2582:11)\n    at C:\\Code\\short-video-content-creator\\frontend\\node_modules\\@testing-library\\react\\dist\\act-compat.js:47:25\n    at renderRoot (C:\\Code\\short-video-content-creator\\frontend\\node_modules\\@testing-library\\react\\dist\\pure.js:180:26)\n    at render (C:\\Code\\short-video-content-creator\\frontend\\node_modules\\@testing-library\\react\\dist\\pure.js:271:10)\n    at Object.<anonymous> (C:\\Code\\short-video-content-creator\\frontend\\__tests__\\ContentResult.test.js:77:11)\n    at Promise.then.completed (C:\\Code\\short-video-content-creator\\frontend\\node_modules\\jest-circus\\build\\utils.js:298:28)\n    at new Promise (<anonymous>)\n    at callAsyncCircusFn (C:\\Code\\short-video-content-creator\\frontend\\node_modules\\jest-circus\\build\\utils.js:231:10)\n    at _callCircusTest (C:\\Code\\short-video-content-creator\\frontend\\node_modules\\jest-circus\\build\\run.js:316:40)\n    at processTicksAndRejections (node:internal/process/task_queues:95:5)\n    at _runTest (C:\\Code\\short-video-content-creator\\frontend\\node_modules\\jest-circus\\build\\run.js:252:3)\n    at _runTestsForDescribeBlock (C:\\Code\\short-video-content-creator\\frontend\\node_modules\\jest-circus\\build\\run.js:126:9)\n    at _runTestsForDescribeBlock (C:\\Code\\short-video-content-creator\\frontend\\node_modules\\jest-circus\\build\\run.js:121:9)\n    at run (C:\\Code\\short-video-content-creator\\frontend\\node_modules\\jest-circus\\build\\run.js:71:3)\n    at runAndTransformResultsToJestFormat (C:\\Code\\short-video-content-creator\\frontend\\node_modules\\jest-circus\\build\\legacy-code-todo-rewrite\\jestAdapterInit.js:122:21)\n    at jestAdapter (C:\\Code\\short-video-content-creator\\frontend\\node_modules\\jest-circus\\build\\legacy-code-todo-rewrite\\jestAdapter.js:79:19)\n    at runTestInternal (C:\\Code\\short-video-content-creator\\frontend\\node_modules\\jest-runner\\build\\runTest.js:367:16)\n    at runTest (C:\\Code\\short-video-content-creator\\frontend\\node_modules\\jest-runner\\build\\runTest.js:444:34)\n    at Object.worker (C:\\Code\\short-video-content-creator\\frontend\\node_modules\\jest-runner\\build\\testWorker.js:106:12)"],"fullName":"ContentResult displays error message when content not found","invocations":1,"location":null,"numPassingAsserts":0,"retryReasons":[],"status":"failed","title":"displays error message when content not found"}],"endTime":1724264013695,"message":"\u001b[1m\u001b[31m  \u001b[1m● \u001b[22m\u001b[1mContentResult Page › fetches and displays content\u001b[39m\u001b[22m\n\n    Element type is invalid: expected a string (for built-in components) or a class/function (for composite components) but got: undefined. You likely forgot to export your component from the file it's defined in, or you might have mixed up default and named imports.\n\u001b[2m\u001b[22m\n\u001b[2m    \u001b[0m \u001b[90m 37 |\u001b[39m     })\u001b[33m;\u001b[39m\u001b[22m\n\u001b[2m     \u001b[90m 38 |\u001b[39m\u001b[22m\n\u001b[2m    \u001b[31m\u001b[1m>\u001b[22m\u001b[2m\u001b[39m\u001b[90m 39 |\u001b[39m     render(\u001b[33m<\u001b[39m\u001b[33mContentResult\u001b[39m \u001b[33m/\u001b[39m\u001b[33m>\u001b[39m)\u001b[33m;\u001b[39m\u001b[22m\n\u001b[2m     \u001b[90m    |\u001b[39m           \u001b[31m\u001b[1m^\u001b[22m\u001b[2m\u001b[39m\u001b[22m\n\u001b[2m     \u001b[90m 40 |\u001b[39m\u001b[22m\n\u001b[2m     \u001b[90m 41 |\u001b[39m     \u001b[36mawait\u001b[39m waitFor(() \u001b[33m=>\u001b[39m {\u001b[22m\n\u001b[2m     \u001b[90m 42 |\u001b[39m       expect(screen\u001b[33m.\u001b[39mgetByText(\u001b[32m'Test Title'\u001b[39m))\u001b[33m.\u001b[39mtoBeInTheDocument()\u001b[33m;\u001b[39m\u001b[0m\u001b[22m\n\u001b[2m\u001b[22m\n\u001b[2m      \u001b[2mat createFiberFromTypeAndProps (\u001b[22m\u001b[2mnode_modules/react-dom/cjs/react-dom.development.js\u001b[2m:28478:17)\u001b[22m\u001b[2m\u001b[22m\n\u001b[2m      \u001b[2mat createFiberFromElement (\u001b[22m\u001b[2mnode_modules/react-dom/cjs/react-dom.development.js\u001b[2m:28504:15)\u001b[22m\u001b[2m\u001b[22m\n\u001b[2m      \u001b[2mat reconcileSingleElement (\u001b[22m\u001b[2mnode_modules/react-dom/cjs/react-dom.development.js\u001b[2m:13986:23)\u001b[22m\u001b[2m\u001b[22m\n\u001b[2m      \u001b[2mat reconcileChildFibers (\u001b[22m\u001b[2mnode_modules/react-dom/cjs/react-dom.development.js\u001b[2m:14044:35)\u001b[22m\u001b[2m\u001b[22m\n\u001b[2m      \u001b[2mat reconcileChildren (\u001b[22m\u001b[2mnode_modules/react-dom/cjs/react-dom.development.js\u001b[2m:19193:28)\u001b[22m\u001b[2m\u001b[22m\n\u001b[2m      \u001b[2mat updateHostRoot (\u001b[22m\u001b[2mnode_modules/react-dom/cjs/react-dom.development.js\u001b[2m:19912:5)\u001b[22m\u001b[2m\u001b[22m\n\u001b[2m      \u001b[2mat beginWork (\u001b[22m\u001b[2mnode_modules/react-dom/cjs/react-dom.development.js\u001b[2m:21654:14)\u001b[22m\u001b[2m\u001b[22m\n\u001b[2m      \u001b[2mat beginWork$1 (\u001b[22m\u001b[2mnode_modules/react-dom/cjs/react-dom.development.js\u001b[2m:27465:14)\u001b[22m\u001b[2m\u001b[22m\n\u001b[2m      \u001b[2mat performUnitOfWork (\u001b[22m\u001b[2mnode_modules/react-dom/cjs/react-dom.development.js\u001b[2m:26599:12)\u001b[22m\u001b[2m\u001b[22m\n\u001b[2m      \u001b[2mat workLoopSync (\u001b[22m\u001b[2mnode_modules/react-dom/cjs/react-dom.development.js\u001b[2m:26505:5)\u001b[22m\u001b[2m\u001b[22m\n\u001b[2m      \u001b[2mat renderRootSync (\u001b[22m\u001b[2mnode_modules/react-dom/cjs/react-dom.development.js\u001b[2m:26473:7)\u001b[22m\u001b[2m\u001b[22m\n\u001b[2m      \u001b[2mat performConcurrentWorkOnRoot (\u001b[22m\u001b[2mnode_modules/react-dom/cjs/react-dom.development.js\u001b[2m:25777:74)\u001b[22m\u001b[2m\u001b[22m\n\u001b[2m      \u001b[2mat flushActQueue (\u001b[22m\u001b[2mnode_modules/react/cjs/react.development.js\u001b[2m:2667:24)\u001b[22m\u001b[2m\u001b[22m\n\u001b[2m      \u001b[2mat act (\u001b[22m\u001b[2mnode_modules/react/cjs/react.development.js\u001b[2m:2582:11)\u001b[22m\u001b[2m\u001b[22m\n\u001b[2m      \u001b[2mat \u001b[22m\u001b[2mnode_modules/@testing-library/react/dist/act-compat.js\u001b[2m:47:25\u001b[22m\u001b[2m\u001b[22m\n\u001b[2m      \u001b[2mat renderRoot (\u001b[22m\u001b[2mnode_modules/@testing-library/react/dist/pure.js\u001b[2m:180:26)\u001b[22m\u001b[2m\u001b[22m\n\u001b[2m      \u001b[2mat render (\u001b[22m\u001b[2mnode_modules/@testing-library/react/dist/pure.js\u001b[2m:271:10)\u001b[22m\u001b[2m\u001b[22m\n\u001b[2m      \u001b[2mat Object.<anonymous> (\u001b[22m\u001b[2mpages/content-result.js\u001b[2m:39:11)\u001b[22m\u001b[2m\u001b[22m\n\n\u001b[1m\u001b[31m  \u001b[1m● \u001b[22m\u001b[1mContentResult Page › handles fetch error\u001b[39m\u001b[22m\n\n    Element type is invalid: expected a string (for built-in components) or a class/function (for composite components) but got: undefined. You likely forgot to export your component from the file it's defined in, or you might have mixed up default and named imports.\n\u001b[2m\u001b[22m\n\u001b[2m    \u001b[0m \u001b[90m 51 |\u001b[39m     global\u001b[33m.\u001b[39mfetch\u001b[33m.\u001b[39mmockRejectedValueOnce(\u001b[36mnew\u001b[39m \u001b[33mError\u001b[39m(\u001b[32m'API Error'\u001b[39m))\u001b[33m;\u001b[39m\u001b[22m\n\u001b[2m     \u001b[90m 52 |\u001b[39m\u001b[22m\n\u001b[2m    \u001b[31m\u001b[1m>\u001b[22m\u001b[2m\u001b[39m\u001b[90m 53 |\u001b[39m     render(\u001b[33m<\u001b[39m\u001b[33mContentResult\u001b[39m \u001b[33m/\u001b[39m\u001b[33m>\u001b[39m)\u001b[33m;\u001b[39m\u001b[22m\n\u001b[2m     \u001b[90m    |\u001b[39m           \u001b[31m\u001b[1m^\u001b[22m\u001b[2m\u001b[39m\u001b[22m\n\u001b[2m     \u001b[90m 54 |\u001b[39m\u001b[22m\n\u001b[2m     \u001b[90m 55 |\u001b[39m     \u001b[36mawait\u001b[39m waitFor(() \u001b[33m=>\u001b[39m {\u001b[22m\n\u001b[2m     \u001b[90m 56 |\u001b[39m       expect(screen\u001b[33m.\u001b[39mgetByText(\u001b[32m'Content not found.'\u001b[39m))\u001b[33m.\u001b[39mtoBeInTheDocument()\u001b[33m;\u001b[39m\u001b[0m\u001b[22m\n\u001b[2m\u001b[22m\n\u001b[2m      \u001b[2mat createFiberFromTypeAndProps (\u001b[22m\u001b[2mnode_modules/react-dom/cjs/react-dom.development.js\u001b[2m:28478:17)\u001b[22m\u001b[2m\u001b[22m\n\u001b[2m      \u001b[2mat createFiberFromElement (\u001b[22m\u001b[2mnode_modules/react-dom/cjs/react-dom.development.js\u001b[2m:28504:15)\u001b[22m\u001b[2m\u001b[22m\n\u001b[2m      \u001b[2mat reconcileSingleElement (\u001b[22m\u001b[2mnode_modules/react-dom/cjs/react-dom.development.js\u001b[2m:13986:23)\u001b[22m\u001b[2m\u001b[22m\n\u001b[2m      \u001b[2mat reconcileChildFibers (\u001b[22m\u001b[2mnode_modules/react-dom/cjs/react-dom.development.js\u001b[2m:14044:35)\u001b[22m\u001b[2m\u001b[22m\n\u001b[2m      \u001b[2mat reconcileChildren (\u001b[22m\u001b[2mnode_modules/react-dom/cjs/react-dom.development.js\u001b[2m:19193:28)\u001b[22m\u001b[2m\u001b[22m\n\u001b[2m      \u001b[2mat updateHostRoot (\u001b[22m\u001b[2mnode_modules/react-dom/cjs/react-dom.development.js\u001b[2m:19912:5)\u001b[22m\u001b[2m\u001b[22m\n\u001b[2m      \u001b[2mat beginWork (\u001b[22m\u001b[2mnode_modules/react-dom/cjs/react-dom.development.js\u001b[2m:21654:14)\u001b[22m\u001b[2m\u001b[22m\n\u001b[2m      \u001b[2mat beginWork$1 (\u001b[22m\u001b[2mnode_modules/react-dom/cjs/react-dom.development.js\u001b[2m:27465:14)\u001b[22m\u001b[2m\u001b[22m\n\u001b[2m      \u001b[2mat performUnitOfWork (\u001b[22m\u001b[2mnode_modules/react-dom/cjs/react-dom.development.js\u001b[2m:26599:12)\u001b[22m\u001b[2m\u001b[22m\n\u001b[2m      \u001b[2mat workLoopSync (\u001b[22m\u001b[2mnode_modules/react-dom/cjs/react-dom.development.js\u001b[2m:26505:5)\u001b[22m\u001b[2m\u001b[22m\n\u001b[2m      \u001b[2mat renderRootSync (\u001b[22m\u001b[2mnode_modules/react-dom/cjs/react-dom.development.js\u001b[2m:26473:7)\u001b[22m\u001b[2m\u001b[22m\n\u001b[2m      \u001b[2mat performConcurrentWorkOnRoot (\u001b[22m\u001b[2mnode_modules/react-dom/cjs/react-dom.development.js\u001b[2m:25777:74)\u001b[22m\u001b[2m\u001b[22m\n\u001b[2m      \u001b[2mat flushActQueue (\u001b[22m\u001b[2mnode_modules/react/cjs/react.development.js\u001b[2m:2667:24)\u001b[22m\u001b[2m\u001b[22m\n\u001b[2m      \u001b[2mat act (\u001b[22m\u001b[2mnode_modules/react/cjs/react.development.js\u001b[2m:2582:11)\u001b[22m\u001b[2m\u001b[22m\n\u001b[2m      \u001b[2mat \u001b[22m\u001b[2mnode_modules/@testing-library/react/dist/act-compat.js\u001b[2m:47:25\u001b[22m\u001b[2m\u001b[22m\n\u001b[2m      \u001b[2mat renderRoot (\u001b[22m\u001b[2mnode_modules/@testing-library/react/dist/pure.js\u001b[2m:180:26)\u001b[22m\u001b[2m\u001b[22m\n\u001b[2m      \u001b[2mat render (\u001b[22m\u001b[2mnode_modules/@testing-library/react/dist/pure.js\u001b[2m:271:10)\u001b[22m\u001b[2m\u001b[22m\n\u001b[2m      \u001b[2mat Object.<anonymous> (\u001b[22m\u001b[2mpages/content-result.js\u001b[2m:53:11)\u001b[22m\u001b[2m\u001b[22m\n\n\u001b[1m\u001b[31m  \u001b[1m● \u001b[22m\u001b[1mContentResult › displays loading state initially\u001b[39m\u001b[22m\n\n    Element type is invalid: expected a string (for built-in components) or a class/function (for composite components) but got: undefined. You likely forgot to export your component from the file it's defined in, or you might have mixed up default and named imports.\n\u001b[2m\u001b[22m\n\u001b[2m    \u001b[0m \u001b[90m 25 |\u001b[39m   test(\u001b[32m'displays loading state initially'\u001b[39m\u001b[33m,\u001b[39m () \u001b[33m=>\u001b[39m {\u001b[22m\n\u001b[2m     \u001b[90m 26 |\u001b[39m     global\u001b[33m.\u001b[39mfetch\u001b[33m.\u001b[39mmockImplementationOnce(() \u001b[33m=>\u001b[39m \u001b[36mnew\u001b[39m \u001b[33mPromise\u001b[39m(() \u001b[33m=>\u001b[39m {}))\u001b[33m;\u001b[39m \u001b[90m// Never resolves\u001b[39m\u001b[22m\n\u001b[2m    \u001b[31m\u001b[1m>\u001b[22m\u001b[2m\u001b[39m\u001b[90m 27 |\u001b[39m     render(\u001b[33m<\u001b[39m\u001b[33mContentResult\u001b[39m \u001b[33m/\u001b[39m\u001b[33m>\u001b[39m)\u001b[33m;\u001b[39m\u001b[22m\n\u001b[2m     \u001b[90m    |\u001b[39m           \u001b[31m\u001b[1m^\u001b[22m\u001b[2m\u001b[39m\u001b[22m\n\u001b[2m     \u001b[90m 28 |\u001b[39m     expect(screen\u001b[33m.\u001b[39mgetByText(\u001b[32m'Loading content...'\u001b[39m))\u001b[33m.\u001b[39mtoBeInTheDocument()\u001b[33m;\u001b[39m\u001b[22m\n\u001b[2m     \u001b[90m 29 |\u001b[39m   })\u001b[33m;\u001b[39m\u001b[22m\n\u001b[2m     \u001b[90m 30 |\u001b[39m\u001b[0m\u001b[22m\n\u001b[2m\u001b[22m\n\u001b[2m      \u001b[2mat createFiberFromTypeAndProps (\u001b[22m\u001b[2mnode_modules/react-dom/cjs/react-dom.development.js\u001b[2m:28478:17)\u001b[22m\u001b[2m\u001b[22m\n\u001b[2m      \u001b[2mat createFiberFromElement (\u001b[22m\u001b[2mnode_modules/react-dom/cjs/react-dom.development.js\u001b[2m:28504:15)\u001b[22m\u001b[2m\u001b[22m\n\u001b[2m      \u001b[2mat reconcileSingleElement (\u001b[22m\u001b[2mnode_modules/react-dom/cjs/react-dom.development.js\u001b[2m:13986:23)\u001b[22m\u001b[2m\u001b[22m\n\u001b[2m      \u001b[2mat reconcileChildFibers (\u001b[22m\u001b[2mnode_modules/react-dom/cjs/react-dom.development.js\u001b[2m:14044:35)\u001b[22m\u001b[2m\u001b[22m\n\u001b[2m      \u001b[2mat reconcileChildren (\u001b[22m\u001b[2mnode_modules/react-dom/cjs/react-dom.development.js\u001b[2m:19193:28)\u001b[22m\u001b[2m\u001b[22m\n\u001b[2m      \u001b[2mat updateHostRoot (\u001b[22m\u001b[2mnode_modules/react-dom/cjs/react-dom.development.js\u001b[2m:19912:5)\u001b[22m\u001b[2m\u001b[22m\n\u001b[2m      \u001b[2mat beginWork (\u001b[22m\u001b[2mnode_modules/react-dom/cjs/react-dom.development.js\u001b[2m:21654:14)\u001b[22m\u001b[2m\u001b[22m\n\u001b[2m      \u001b[2mat beginWork$1 (\u001b[22m\u001b[2mnode_modules/react-dom/cjs/react-dom.development.js\u001b[2m:27465:14)\u001b[22m\u001b[2m\u001b[22m\n\u001b[2m      \u001b[2mat performUnitOfWork (\u001b[22m\u001b[2mnode_modules/react-dom/cjs/react-dom.development.js\u001b[2m:26599:12)\u001b[22m\u001b[2m\u001b[22m\n\u001b[2m      \u001b[2mat workLoopSync (\u001b[22m\u001b[2mnode_modules/react-dom/cjs/react-dom.development.js\u001b[2m:26505:5)\u001b[22m\u001b[2m\u001b[22m\n\u001b[2m      \u001b[2mat renderRootSync (\u001b[22m\u001b[2mnode_modules/react-dom/cjs/react-dom.development.js\u001b[2m:26473:7)\u001b[22m\u001b[2m\u001b[22m\n\u001b[2m      \u001b[2mat performConcurrentWorkOnRoot (\u001b[22m\u001b[2mnode_modules/react-dom/cjs/react-dom.development.js\u001b[2m:25777:74)\u001b[22m\u001b[2m\u001b[22m\n\u001b[2m      \u001b[2mat flushActQueue (\u001b[22m\u001b[2mnode_modules/react/cjs/react.development.js\u001b[2m:2667:24)\u001b[22m\u001b[2m\u001b[22m\n\u001b[2m      \u001b[2mat act (\u001b[22m\u001b[2mnode_modules/react/cjs/react.development.js\u001b[2m:2582:11)\u001b[22m\u001b[2m\u001b[22m\n\u001b[2m      \u001b[2mat \u001b[22m\u001b[2mnode_modules/@testing-library/react/dist/act-compat.js\u001b[2m:47:25\u001b[22m\u001b[2m\u001b[22m\n\u001b[2m      \u001b[2mat renderRoot (\u001b[22m\u001b[2mnode_modules/@testing-library/react/dist/pure.js\u001b[2m:180:26)\u001b[22m\u001b[2m\u001b[22m\n\u001b[2m      \u001b[2mat render (\u001b[22m\u001b[2mnode_modules/@testing-library/react/dist/pure.js\u001b[2m:271:10)\u001b[22m\u001b[2m\u001b[22m\n\u001b[2m      \u001b[2mat Object.<anonymous> (\u001b[22m\u001b[2m\u001b[0m\u001b[36m__tests__/ContentResult.test.js\u001b[39m\u001b[0m\u001b[2m:27:11)\u001b[22m\u001b[2m\u001b[22m\n\n\u001b[1m\u001b[31m  \u001b[1m● \u001b[22m\u001b[1mContentResult › displays content when loaded\u001b[39m\u001b[22m\n\n    Element type is invalid: expected a string (for built-in components) or a class/function (for composite components) but got: undefined. You likely forgot to export your component from the file it's defined in, or you might have mixed up default and named imports.\n\u001b[2m\u001b[22m\n\u001b[2m    \u001b[0m \u001b[90m 55 |\u001b[39m     })\u001b[33m;\u001b[39m\u001b[22m\n\u001b[2m     \u001b[90m 56 |\u001b[39m\u001b[22m\n\u001b[2m    \u001b[31m\u001b[1m>\u001b[22m\u001b[2m\u001b[39m\u001b[90m 57 |\u001b[39m     render(\u001b[33m<\u001b[39m\u001b[33mContentResult\u001b[39m \u001b[33m/\u001b[39m\u001b[33m>\u001b[39m)\u001b[33m;\u001b[39m\u001b[22m\n\u001b[2m     \u001b[90m    |\u001b[39m           \u001b[31m\u001b[1m^\u001b[22m\u001b[2m\u001b[39m\u001b[22m\n\u001b[2m     \u001b[90m 58 |\u001b[39m\u001b[22m\n\u001b[2m     \u001b[90m 59 |\u001b[39m     \u001b[36mawait\u001b[39m waitFor(() \u001b[33m=>\u001b[39m {\u001b[22m\n\u001b[2m     \u001b[90m 60 |\u001b[39m       expect(screen\u001b[33m.\u001b[39mgetByText(\u001b[32m'Test Title'\u001b[39m))\u001b[33m.\u001b[39mtoBeInTheDocument()\u001b[33m;\u001b[39m\u001b[0m\u001b[22m\n\u001b[2m\u001b[22m\n\u001b[2m      \u001b[2mat createFiberFromTypeAndProps (\u001b[22m\u001b[2mnode_modules/react-dom/cjs/react-dom.development.js\u001b[2m:28478:17)\u001b[22m\u001b[2m\u001b[22m\n\u001b[2m      \u001b[2mat createFiberFromElement (\u001b[22m\u001b[2mnode_modules/react-dom/cjs/react-dom.development.js\u001b[2m:28504:15)\u001b[22m\u001b[2m\u001b[22m\n\u001b[2m      \u001b[2mat reconcileSingleElement (\u001b[22m\u001b[2mnode_modules/react-dom/cjs/react-dom.development.js\u001b[2m:13986:23)\u001b[22m\u001b[2m\u001b[22m\n\u001b[2m      \u001b[2mat reconcileChildFibers (\u001b[22m\u001b[2mnode_modules/react-dom/cjs/react-dom.development.js\u001b[2m:14044:35)\u001b[22m\u001b[2m\u001b[22m\n\u001b[2m      \u001b[2mat reconcileChildren (\u001b[22m\u001b[2mnode_modules/react-dom/cjs/react-dom.development.js\u001b[2m:19193:28)\u001b[22m\u001b[2m\u001b[22m\n\u001b[2m      \u001b[2mat updateHostRoot (\u001b[22m\u001b[2mnode_modules/react-dom/cjs/react-dom.development.js\u001b[2m:19912:5)\u001b[22m\u001b[2m\u001b[22m\n\u001b[2m      \u001b[2mat beginWork (\u001b[22m\u001b[2mnode_modules/react-dom/cjs/react-dom.development.js\u001b[2m:21654:14)\u001b[22m\u001b[2m\u001b[22m\n\u001b[2m      \u001b[2mat beginWork$1 (\u001b[22m\u001b[2mnode_modules/react-dom/cjs/react-dom.development.js\u001b[2m:27465:14)\u001b[22m\u001b[2m\u001b[22m\n\u001b[2m      \u001b[2mat performUnitOfWork (\u001b[22m\u001b[2mnode_modules/react-dom/cjs/react-dom.development.js\u001b[2m:26599:12)\u001b[22m\u001b[2m\u001b[22m\n\u001b[2m      \u001b[2mat workLoopSync (\u001b[22m\u001b[2mnode_modules/react-dom/cjs/react-dom.development.js\u001b[2m:26505:5)\u001b[22m\u001b[2m\u001b[22m\n\u001b[2m      \u001b[2mat renderRootSync (\u001b[22m\u001b[2mnode_modules/react-dom/cjs/react-dom.development.js\u001b[2m:26473:7)\u001b[22m\u001b[2m\u001b[22m\n\u001b[2m      \u001b[2mat performConcurrentWorkOnRoot (\u001b[22m\u001b[2mnode_modules/react-dom/cjs/react-dom.development.js\u001b[2m:25777:74)\u001b[22m\u001b[2m\u001b[22m\n\u001b[2m      \u001b[2mat flushActQueue (\u001b[22m\u001b[2mnode_modules/react/cjs/react.development.js\u001b[2m:2667:24)\u001b[22m\u001b[2m\u001b[22m\n\u001b[2m      \u001b[2mat act (\u001b[22m\u001b[2mnode_modules/react/cjs/react.development.js\u001b[2m:2582:11)\u001b[22m\u001b[2m\u001b[22m\n\u001b[2m      \u001b[2mat \u001b[22m\u001b[2mnode_modules/@testing-library/react/dist/act-compat.js\u001b[2m:47:25\u001b[22m\u001b[2m\u001b[22m\n\u001b[2m      \u001b[2mat renderRoot (\u001b[22m\u001b[2mnode_modules/@testing-library/react/dist/pure.js\u001b[2m:180:26)\u001b[22m\u001b[2m\u001b[22m\n\u001b[2m      \u001b[2mat render (\u001b[22m\u001b[2mnode_modules/@testing-library/react/dist/pure.js\u001b[2m:271:10)\u001b[22m\u001b[2m\u001b[22m\n\u001b[2m      \u001b[2mat Object.<anonymous> (\u001b[22m\u001b[2m\u001b[0m\u001b[36m__tests__/ContentResult.test.js\u001b[39m\u001b[0m\u001b[2m:57:11)\u001b[22m\u001b[2m\u001b[22m\n\n\u001b[1m\u001b[31m  \u001b[1m● \u001b[22m\u001b[1mContentResult › displays error message when content not found\u001b[39m\u001b[22m\n\n    Element type is invalid: expected a string (for built-in components) or a class/function (for composite components) but got: undefined. You likely forgot to export your component from the file it's defined in, or you might have mixed up default and named imports.\n\u001b[2m\u001b[22m\n\u001b[2m    \u001b[0m \u001b[90m 75 |\u001b[39m     })\u001b[33m;\u001b[39m\u001b[22m\n\u001b[2m     \u001b[90m 76 |\u001b[39m\u001b[22m\n\u001b[2m    \u001b[31m\u001b[1m>\u001b[22m\u001b[2m\u001b[39m\u001b[90m 77 |\u001b[39m     render(\u001b[33m<\u001b[39m\u001b[33mContentResult\u001b[39m \u001b[33m/\u001b[39m\u001b[33m>\u001b[39m)\u001b[33m;\u001b[39m\u001b[22m\n\u001b[2m     \u001b[90m    |\u001b[39m           \u001b[31m\u001b[1m^\u001b[22m\u001b[2m\u001b[39m\u001b[22m\n\u001b[2m     \u001b[90m 78 |\u001b[39m\u001b[22m\n\u001b[2m     \u001b[90m 79 |\u001b[39m     \u001b[36mawait\u001b[39m waitFor(() \u001b[33m=>\u001b[39m {\u001b[22m\n\u001b[2m     \u001b[90m 80 |\u001b[39m       expect(screen\u001b[33m.\u001b[39mgetByText(\u001b[32m'Content not found.'\u001b[39m))\u001b[33m.\u001b[39mtoBeInTheDocument()\u001b[33m;\u001b[39m\u001b[0m\u001b[22m\n\u001b[2m\u001b[22m\n\u001b[2m      \u001b[2mat createFiberFromTypeAndProps (\u001b[22m\u001b[2mnode_modules/react-dom/cjs/react-dom.development.js\u001b[2m:28478:17)\u001b[22m\u001b[2m\u001b[22m\n\u001b[2m      \u001b[2mat createFiberFromElement (\u001b[22m\u001b[2mnode_modules/react-dom/cjs/react-dom.development.js\u001b[2m:28504:15)\u001b[22m\u001b[2m\u001b[22m\n\u001b[2m      \u001b[2mat reconcileSingleElement (\u001b[22m\u001b[2mnode_modules/react-dom/cjs/react-dom.development.js\u001b[2m:13986:23)\u001b[22m\u001b[2m\u001b[22m\n\u001b[2m      \u001b[2mat reconcileChildFibers (\u001b[22m\u001b[2mnode_modules/react-dom/cjs/react-dom.development.js\u001b[2m:14044:35)\u001b[22m\u001b[2m\u001b[22m\n\u001b[2m      \u001b[2mat reconcileChildren (\u001b[22m\u001b[2mnode_modules/react-dom/cjs/react-dom.development.js\u001b[2m:19193:28)\u001b[22m\u001b[2m\u001b[22m\n\u001b[2m      \u001b[2mat updateHostRoot (\u001b[22m\u001b[2mnode_modules/react-dom/cjs/react-dom.development.js\u001b[2m:19912:5)\u001b[22m\u001b[2m\u001b[22m\n\u001b[2m      \u001b[2mat beginWork (\u001b[22m\u001b[2mnode_modules/react-dom/cjs/react-dom.development.js\u001b[2m:21654:14)\u001b[22m\u001b[2m\u001b[22m\n\u001b[2m      \u001b[2mat beginWork$1 (\u001b[22m\u001b[2mnode_modules/react-dom/cjs/react-dom.development.js\u001b[2m:27465:14)\u001b[22m\u001b[2m\u001b[22m\n\u001b[2m      \u001b[2mat performUnitOfWork (\u001b[22m\u001b[2mnode_modules/react-dom/cjs/react-dom.development.js\u001b[2m:26599:12)\u001b[22m\u001b[2m\u001b[22m\n\u001b[2m      \u001b[2mat workLoopSync (\u001b[22m\u001b[2mnode_modules/react-dom/cjs/react-dom.development.js\u001b[2m:26505:5)\u001b[22m\u001b[2m\u001b[22m\n\u001b[2m      \u001b[2mat renderRootSync (\u001b[22m\u001b[2mnode_modules/react-dom/cjs/react-dom.development.js\u001b[2m:26473:7)\u001b[22m\u001b[2m\u001b[22m\n\u001b[2m      \u001b[2mat performConcurrentWorkOnRoot (\u001b[22m\u001b[2mnode_modules/react-dom/cjs/react-dom.development.js\u001b[2m:25777:74)\u001b[22m\u001b[2m\u001b[22m\n\u001b[2m      \u001b[2mat flushActQueue (\u001b[22m\u001b[2mnode_modules/react/cjs/react.development.js\u001b[2m:2667:24)\u001b[22m\u001b[2m\u001b[22m\n\u001b[2m      \u001b[2mat act (\u001b[22m\u001b[2mnode_modules/react/cjs/react.development.js\u001b[2m:2582:11)\u001b[22m\u001b[2m\u001b[22m\n\u001b[2m      \u001b[2mat \u001b[22m\u001b[2mnode_modules/@testing-library/react/dist/act-compat.js\u001b[2m:47:25\u001b[22m\u001b[2m\u001b[22m\n\u001b[2m      \u001b[2mat renderRoot (\u001b[22m\u001b[2mnode_modules/@testing-library/react/dist/pure.js\u001b[2m:180:26)\u001b[22m\u001b[2m\u001b[22m\n\u001b[2m      \u001b[2mat render (\u001b[22m\u001b[2mnode_modules/@testing-library/react/dist/pure.js\u001b[2m:271:10)\u001b[22m\u001b[2m\u001b[22m\n\u001b[2m      \u001b[2mat Object.<anonymous> (\u001b[22m\u001b[2m\u001b[0m\u001b[36m__tests__/ContentResult.test.js\u001b[39m\u001b[0m\u001b[2m:77:11)\u001b[22m\u001b[2m\u001b[22m\n","name":"C:\\Code\\short-video-content-creator\\frontend\\__tests__\\ContentResult.test.js","startTime":1724264012679,"status":"failed","summary":""},{"assertionResults":[{"ancestorTitles":["CreateContent"],"duration":43,"failureDetails":[{"name":"TestingLibraryElementError"}],"failureMessages":["TestingLibraryElementError: Unable to find a label with the text of: /Content Title/i\n\nIgnored nodes: comments, script, style\n\u001b[36m<body>\u001b[39m\n  \u001b[36m<div>\u001b[39m\n    \u001b[36m<div>\u001b[39m\n      \u001b[36m<h1\u001b[39m\n        \u001b[33mclass\u001b[39m=\u001b[32m\"text-2xl font-bold mb-4 text-gray-800\"\u001b[39m\n      \u001b[36m>\u001b[39m\n        \u001b[0mCreate New Content\u001b[0m\n      \u001b[36m</h1>\u001b[39m\n      \u001b[36m<form\u001b[39m\n        \u001b[33mclass\u001b[39m=\u001b[32m\"space-y-4\"\u001b[39m\n      \u001b[36m>\u001b[39m\n        \u001b[36m<button\u001b[39m\n          \u001b[33mclass\u001b[39m=\u001b[32m\"bg-blue-500 text-white px-4 py-2 rounded hover:bg-blue-600 disabled:bg-blue-300\"\u001b[39m\n          \u001b[33mtype\u001b[39m=\u001b[32m\"submit\"\u001b[39m\n        \u001b[36m>\u001b[39m\n          \u001b[0mCreate Content\u001b[0m\n        \u001b[36m</button>\u001b[39m\n      \u001b[36m</form>\u001b[39m\n    \u001b[36m</div>\u001b[39m\n  \u001b[36m</div>\u001b[39m\n\u001b[36m</body>\u001b[39m\n    at Object.getElementError (C:\\Code\\short-video-content-creator\\frontend\\node_modules\\@testing-library\\react\\node_modules\\@testing-library\\dom\\dist\\config.js:37:19)\n    at getAllByLabelText (C:\\Code\\short-video-content-creator\\frontend\\node_modules\\@testing-library\\react\\node_modules\\@testing-library\\dom\\dist\\queries\\label-text.js:111:38)\n    at C:\\Code\\short-video-content-creator\\frontend\\node_modules\\@testing-library\\react\\node_modules\\@testing-library\\dom\\dist\\query-helpers.js:52:17\n    at C:\\Code\\short-video-content-creator\\frontend\\node_modules\\@testing-library\\react\\node_modules\\@testing-library\\dom\\dist\\query-helpers.js:95:19\n    at Object.getByLabelText (C:\\Code\\short-video-content-creator\\frontend\\__tests__\\CreateContent.test.js:30:33)\n    at Promise.then.completed (C:\\Code\\short-video-content-creator\\frontend\\node_modules\\jest-circus\\build\\utils.js:298:28)\n    at new Promise (<anonymous>)\n    at callAsyncCircusFn (C:\\Code\\short-video-content-creator\\frontend\\node_modules\\jest-circus\\build\\utils.js:231:10)\n    at _callCircusTest (C:\\Code\\short-video-content-creator\\frontend\\node_modules\\jest-circus\\build\\run.js:316:40)\n    at processTicksAndRejections (node:internal/process/task_queues:95:5)\n    at _runTest (C:\\Code\\short-video-content-creator\\frontend\\node_modules\\jest-circus\\build\\run.js:252:3)\n    at _runTestsForDescribeBlock (C:\\Code\\short-video-content-creator\\frontend\\node_modules\\jest-circus\\build\\run.js:126:9)\n    at _runTestsForDescribeBlock (C:\\Code\\short-video-content-creator\\frontend\\node_modules\\jest-circus\\build\\run.js:121:9)\n    at run (C:\\Code\\short-video-content-creator\\frontend\\node_modules\\jest-circus\\build\\run.js:71:3)\n    at runAndTransformResultsToJestFormat (C:\\Code\\short-video-content-creator\\frontend\\node_modules\\jest-circus\\build\\legacy-code-todo-rewrite\\jestAdapterInit.js:122:21)\n    at jestAdapter (C:\\Code\\short-video-content-creator\\frontend\\node_modules\\jest-circus\\build\\legacy-code-todo-rewrite\\jestAdapter.js:79:19)\n    at runTestInternal (C:\\Code\\short-video-content-creator\\frontend\\node_modules\\jest-runner\\build\\runTest.js:367:16)\n    at runTest (C:\\Code\\short-video-content-creator\\frontend\\node_modules\\jest-runner\\build\\runTest.js:444:34)\n    at Object.worker (C:\\Code\\short-video-content-creator\\frontend\\node_modules\\jest-runner\\build\\testWorker.js:106:12)"],"fullName":"CreateContent handles form submission error","invocations":1,"location":null,"numPassingAsserts":0,"retryReasons":[],"status":"failed","title":"handles form submission error"},{"ancestorTitles":["CreateContent"],"duration":4,"failureDetails":[{"name":"TestingLibraryElementError"}],"failureMessages":["TestingLibraryElementError: Unable to find a label with the text of: /Content Title/i\n\nIgnored nodes: comments, script, style\n\u001b[36m<body>\u001b[39m\n  \u001b[36m<div>\u001b[39m\n    \u001b[36m<div>\u001b[39m\n      \u001b[36m<h1\u001b[39m\n        \u001b[33mclass\u001b[39m=\u001b[32m\"text-2xl font-bold mb-4 text-gray-800\"\u001b[39m\n      \u001b[36m>\u001b[39m\n        \u001b[0mCreate New Content\u001b[0m\n      \u001b[36m</h1>\u001b[39m\n      \u001b[36m<form\u001b[39m\n        \u001b[33mclass\u001b[39m=\u001b[32m\"space-y-4\"\u001b[39m\n      \u001b[36m>\u001b[39m\n        \u001b[36m<button\u001b[39m\n          \u001b[33mclass\u001b[39m=\u001b[32m\"bg-blue-500 text-white px-4 py-2 rounded hover:bg-blue-600 disabled:bg-blue-300\"\u001b[39m\n          \u001b[33mtype\u001b[39m=\u001b[32m\"submit\"\u001b[39m\n        \u001b[36m>\u001b[39m\n          \u001b[0mCreate Content\u001b[0m\n        \u001b[36m</button>\u001b[39m\n      \u001b[36m</form>\u001b[39m\n    \u001b[36m</div>\u001b[39m\n  \u001b[36m</div>\u001b[39m\n\u001b[36m</body>\u001b[39m\n    at Object.getElementError (C:\\Code\\short-video-content-creator\\frontend\\node_modules\\@testing-library\\react\\node_modules\\@testing-library\\dom\\dist\\config.js:37:19)\n    at getAllByLabelText (C:\\Code\\short-video-content-creator\\frontend\\node_modules\\@testing-library\\react\\node_modules\\@testing-library\\dom\\dist\\queries\\label-text.js:111:38)\n    at C:\\Code\\short-video-content-creator\\frontend\\node_modules\\@testing-library\\react\\node_modules\\@testing-library\\dom\\dist\\query-helpers.js:52:17\n    at C:\\Code\\short-video-content-creator\\frontend\\node_modules\\@testing-library\\react\\node_modules\\@testing-library\\dom\\dist\\query-helpers.js:95:19\n    at Object.getByLabelText (C:\\Code\\short-video-content-creator\\frontend\\__tests__\\CreateContent.test.js:49:33)\n    at Promise.then.completed (C:\\Code\\short-video-content-creator\\frontend\\node_modules\\jest-circus\\build\\utils.js:298:28)\n    at new Promise (<anonymous>)\n    at callAsyncCircusFn (C:\\Code\\short-video-content-creator\\frontend\\node_modules\\jest-circus\\build\\utils.js:231:10)\n    at _callCircusTest (C:\\Code\\short-video-content-creator\\frontend\\node_modules\\jest-circus\\build\\run.js:316:40)\n    at processTicksAndRejections (node:internal/process/task_queues:95:5)\n    at _runTest (C:\\Code\\short-video-content-creator\\frontend\\node_modules\\jest-circus\\build\\run.js:252:3)\n    at _runTestsForDescribeBlock (C:\\Code\\short-video-content-creator\\frontend\\node_modules\\jest-circus\\build\\run.js:126:9)\n    at _runTestsForDescribeBlock (C:\\Code\\short-video-content-creator\\frontend\\node_modules\\jest-circus\\build\\run.js:121:9)\n    at run (C:\\Code\\short-video-content-creator\\frontend\\node_modules\\jest-circus\\build\\run.js:71:3)\n    at runAndTransformResultsToJestFormat (C:\\Code\\short-video-content-creator\\frontend\\node_modules\\jest-circus\\build\\legacy-code-todo-rewrite\\jestAdapterInit.js:122:21)\n    at jestAdapter (C:\\Code\\short-video-content-creator\\frontend\\node_modules\\jest-circus\\build\\legacy-code-todo-rewrite\\jestAdapter.js:79:19)\n    at runTestInternal (C:\\Code\\short-video-content-creator\\frontend\\node_modules\\jest-runner\\build\\runTest.js:367:16)\n    at runTest (C:\\Code\\short-video-content-creator\\frontend\\node_modules\\jest-runner\\build\\runTest.js:444:34)\n    at Object.worker (C:\\Code\\short-video-content-creator\\frontend\\node_modules\\jest-runner\\build\\testWorker.js:106:12)"],"fullName":"CreateContent disables submit button while loading","invocations":1,"location":null,"numPassingAsserts":0,"retryReasons":[],"status":"failed","title":"disables submit button while loading"}],"endTime":1724264013905,"message":"\u001b[1m\u001b[31m  \u001b[1m● \u001b[22m\u001b[1mCreateContent › handles form submission error\u001b[39m\u001b[22m\n\n    TestingLibraryElementError: Unable to find a label with the text of: /Content Title/i\n\n    Ignored nodes: comments, script, style\n    \u001b[36m<body>\u001b[39m\n      \u001b[36m<div>\u001b[39m\n        \u001b[36m<div>\u001b[39m\n          \u001b[36m<h1\u001b[39m\n            \u001b[33mclass\u001b[39m=\u001b[32m\"text-2xl font-bold mb-4 text-gray-800\"\u001b[39m\n          \u001b[36m>\u001b[39m\n            \u001b[0mCreate New Content\u001b[0m\n          \u001b[36m</h1>\u001b[39m\n          \u001b[36m<form\u001b[39m\n            \u001b[33mclass\u001b[39m=\u001b[32m\"space-y-4\"\u001b[39m\n          \u001b[36m>\u001b[39m\n            \u001b[36m<button\u001b[39m\n              \u001b[33mclass\u001b[39m=\u001b[32m\"bg-blue-500 text-white px-4 py-2 rounded hover:bg-blue-600 disabled:bg-blue-300\"\u001b[39m\n              \u001b[33mtype\u001b[39m=\u001b[32m\"submit\"\u001b[39m\n            \u001b[36m>\u001b[39m\n              \u001b[0mCreate Content\u001b[0m\n            \u001b[36m</button>\u001b[39m\n          \u001b[36m</form>\u001b[39m\n        \u001b[36m</div>\u001b[39m\n      \u001b[36m</div>\u001b[39m\n    \u001b[36m</body>\u001b[39m\n\u001b[2m\u001b[22m\n\u001b[2m    \u001b[0m \u001b[90m 28 |\u001b[39m     render(\u001b[33m<\u001b[39m\u001b[33mCreateContent\u001b[39m \u001b[33m/\u001b[39m\u001b[33m>\u001b[39m)\u001b[33m;\u001b[39m\u001b[22m\n\u001b[2m     \u001b[90m 29 |\u001b[39m   \u001b[22m\n\u001b[2m    \u001b[31m\u001b[1m>\u001b[22m\u001b[2m\u001b[39m\u001b[90m 30 |\u001b[39m     \u001b[36mawait\u001b[39m userEvent\u001b[33m.\u001b[39mtype(screen\u001b[33m.\u001b[39mgetByLabelText(\u001b[35m/Content Title/i\u001b[39m)\u001b[33m,\u001b[39m \u001b[32m'Test Title'\u001b[39m)\u001b[33m;\u001b[39m\u001b[22m\n\u001b[2m     \u001b[90m    |\u001b[39m                                 \u001b[31m\u001b[1m^\u001b[22m\u001b[2m\u001b[39m\u001b[22m\n\u001b[2m     \u001b[90m 31 |\u001b[39m     \u001b[36mawait\u001b[39m userEvent\u001b[33m.\u001b[39mtype(screen\u001b[33m.\u001b[39mgetByLabelText(\u001b[35m/Description/i\u001b[39m)\u001b[33m,\u001b[39m \u001b[32m'Test Description'\u001b[39m)\u001b[33m;\u001b[39m\u001b[22m\n\u001b[2m     \u001b[90m 32 |\u001b[39m     \u001b[36mawait\u001b[39m userEvent\u001b[33m.\u001b[39mclick(screen\u001b[33m.\u001b[39mgetByText(\u001b[32m'Create Content'\u001b[39m))\u001b[33m;\u001b[39m\u001b[22m\n\u001b[2m     \u001b[90m 33 |\u001b[39m   \u001b[0m\u001b[22m\n\u001b[2m\u001b[22m\n\u001b[2m      \u001b[2mat Object.getElementError (\u001b[22m\u001b[2mnode_modules/@testing-library/react/node_modules/@testing-library/dom/dist/config.js\u001b[2m:37:19)\u001b[22m\u001b[2m\u001b[22m\n\u001b[2m      \u001b[2mat getAllByLabelText (\u001b[22m\u001b[2mnode_modules/@testing-library/react/node_modules/@testing-library/dom/dist/queries/label-text.js\u001b[2m:111:38)\u001b[22m\u001b[2m\u001b[22m\n\u001b[2m      \u001b[2mat \u001b[22m\u001b[2mnode_modules/@testing-library/react/node_modules/@testing-library/dom/dist/query-helpers.js\u001b[2m:52:17\u001b[22m\u001b[2m\u001b[22m\n\u001b[2m      \u001b[2mat \u001b[22m\u001b[2mnode_modules/@testing-library/react/node_modules/@testing-library/dom/dist/query-helpers.js\u001b[2m:95:19\u001b[22m\u001b[2m\u001b[22m\n\u001b[2m      \u001b[2mat Object.getByLabelText (\u001b[22m\u001b[2m\u001b[0m\u001b[36m__tests__/CreateContent.test.js\u001b[39m\u001b[0m\u001b[2m:30:33)\u001b[22m\u001b[2m\u001b[22m\n\n\u001b[1m\u001b[31m  \u001b[1m● \u001b[22m\u001b[1mCreateContent › disables submit button while loading\u001b[39m\u001b[22m\n\n    TestingLibraryElementError: Unable to find a label with the text of: /Content Title/i\n\n    Ignored nodes: comments, script, style\n    \u001b[36m<body>\u001b[39m\n      \u001b[36m<div>\u001b[39m\n        \u001b[36m<div>\u001b[39m\n          \u001b[36m<h1\u001b[39m\n            \u001b[33mclass\u001b[39m=\u001b[32m\"text-2xl font-bold mb-4 text-gray-800\"\u001b[39m\n          \u001b[36m>\u001b[39m\n            \u001b[0mCreate New Content\u001b[0m\n          \u001b[36m</h1>\u001b[39m\n          \u001b[36m<form\u001b[39m\n            \u001b[33mclass\u001b[39m=\u001b[32m\"space-y-4\"\u001b[39m\n          \u001b[36m>\u001b[39m\n            \u001b[36m<button\u001b[39m\n              \u001b[33mclass\u001b[39m=\u001b[32m\"bg-blue-500 text-white px-4 py-2 rounded hover:bg-blue-600 disabled:bg-blue-300\"\u001b[39m\n              \u001b[33mtype\u001b[39m=\u001b[32m\"submit\"\u001b[39m\n            \u001b[36m>\u001b[39m\n              \u001b[0mCreate Content\u001b[0m\n            \u001b[36m</button>\u001b[39m\n          \u001b[36m</form>\u001b[39m\n        \u001b[36m</div>\u001b[39m\n      \u001b[36m</div>\u001b[39m\n    \u001b[36m</body>\u001b[39m\n\u001b[2m\u001b[22m\n\u001b[2m    \u001b[0m \u001b[90m 47 |\u001b[39m     render(\u001b[33m<\u001b[39m\u001b[33mCreateContent\u001b[39m \u001b[33m/\u001b[39m\u001b[33m>\u001b[39m)\u001b[33m;\u001b[39m\u001b[22m\n\u001b[2m     \u001b[90m 48 |\u001b[39m   \u001b[22m\n\u001b[2m    \u001b[31m\u001b[1m>\u001b[22m\u001b[2m\u001b[39m\u001b[90m 49 |\u001b[39m     \u001b[36mawait\u001b[39m userEvent\u001b[33m.\u001b[39mtype(screen\u001b[33m.\u001b[39mgetByLabelText(\u001b[35m/Content Title/i\u001b[39m)\u001b[33m,\u001b[39m \u001b[32m'Test Title'\u001b[39m)\u001b[33m;\u001b[39m\u001b[22m\n\u001b[2m     \u001b[90m    |\u001b[39m                                 \u001b[31m\u001b[1m^\u001b[22m\u001b[2m\u001b[39m\u001b[22m\n\u001b[2m     \u001b[90m 50 |\u001b[39m     \u001b[36mawait\u001b[39m userEvent\u001b[33m.\u001b[39mtype(screen\u001b[33m.\u001b[39mgetByLabelText(\u001b[35m/Description/i\u001b[39m)\u001b[33m,\u001b[39m \u001b[32m'Test Description'\u001b[39m)\u001b[33m;\u001b[39m\u001b[22m\n\u001b[2m     \u001b[90m 51 |\u001b[39m     \u001b[22m\n\u001b[2m     \u001b[90m 52 |\u001b[39m     \u001b[36mconst\u001b[39m submitButton \u001b[33m=\u001b[39m screen\u001b[33m.\u001b[39mgetByText(\u001b[32m'Create Content'\u001b[39m)\u001b[33m;\u001b[39m\u001b[0m\u001b[22m\n\u001b[2m\u001b[22m\n\u001b[2m      \u001b[2mat Object.getElementError (\u001b[22m\u001b[2mnode_modules/@testing-library/react/node_modules/@testing-library/dom/dist/config.js\u001b[2m:37:19)\u001b[22m\u001b[2m\u001b[22m\n\u001b[2m      \u001b[2mat getAllByLabelText (\u001b[22m\u001b[2mnode_modules/@testing-library/react/node_modules/@testing-library/dom/dist/queries/label-text.js\u001b[2m:111:38)\u001b[22m\u001b[2m\u001b[22m\n\u001b[2m      \u001b[2mat \u001b[22m\u001b[2mnode_modules/@testing-library/react/node_modules/@testing-library/dom/dist/query-helpers.js\u001b[2m:52:17\u001b[22m\u001b[2m\u001b[22m\n\u001b[2m      \u001b[2mat \u001b[22m\u001b[2mnode_modules/@testing-library/react/node_modules/@testing-library/dom/dist/query-helpers.js\u001b[2m:95:19\u001b[22m\u001b[2m\u001b[22m\n\u001b[2m      \u001b[2mat Object.getByLabelText (\u001b[22m\u001b[2m\u001b[0m\u001b[36m__tests__/CreateContent.test.js\u001b[39m\u001b[0m\u001b[2m:49:33)\u001b[22m\u001b[2m\u001b[22m\n","name":"C:\\Code\\short-video-content-creator\\frontend\\__tests__\\CreateContent.test.js","startTime":1724264012691,"status":"failed","summary":""}],"wasInterrupted":false}
